{
  "0 debug pnpm:scope": {
    "selected": 1
  },
  "1 error pnpm": {
    "errno": 1,
    "code": "ELIFECYCLE",
    "pkgid": "hello-next@1.0.0",
    "stage": "dev",
    "script": "next",
    "pkgname": "hello-next",
    "err": {
      "name": "pnpm",
      "message": "hello-next@1.0.0 dev: `next`\nExit status 1",
      "code": "ELIFECYCLE",
      "stack": "pnpm: hello-next@1.0.0 dev: `next`\nExit status 1\n    at EventEmitter.<anonymous> (C:\\Users\\thean\\AppData\\Roaming\\npm\\node_modules\\pnpm\\dist\\pnpm.cjs:105736:20)\n    at EventEmitter.emit (node:events:390:28)\n    at ChildProcess.<anonymous> (C:\\Users\\thean\\AppData\\Roaming\\npm\\node_modules\\pnpm\\dist\\pnpm.cjs:92297:18)\n    at ChildProcess.emit (node:events:390:28)\n    at maybeClose (node:internal/child_process:1064:16)\n    at Process.ChildProcess._handle.onexit (node:internal/child_process:301:5)"
    }
  },
  "2 warn pnpm:global": " Local package.json exists, but node_modules missing, did you mean to install?"
}